<?xml version="1.0" encoding="UTF-8"?>
<!-- Generated by org.testng.reporters.JUnitReportReporter -->
<testsuite hostname="LAPTOP-EHA2AUGL" failures="0" tests="2" name="testcases.LoginTest" time="5.600" errors="0" timestamp="2023-02-19T09:03:40 MST" skipped="0">
  <testcase classname="testcases.LoginTest" name="LoginToApplication" time="3.467"/>
  <system-out/>
  <testcase classname="testcases.LoginTest" name="LoginToApplication" time="2.133"/>
  <system-out/>
</testsuite> <!-- testcases.LoginTest -->
