<?xml version="1.0" encoding="UTF-8"?>
<!-- Generated by org.testng.reporters.JUnitReportReporter -->
<testsuite skipped="0" hostname="LAPTOP-EHA2AUGL" name="testcases.LoginTest" tests="2" failures="0" timestamp="2023-02-17T10:03:53 MST" time="10.837" errors="0">
  <testcase name="LoginToApplication" time="6.672" classname="testcases.LoginTest"/>
  <system-out/>
  <testcase name="LoginToApplication" time="4.165" classname="testcases.LoginTest"/>
  <system-out/>
</testsuite> <!-- testcases.LoginTest -->
